13.07.2022 - 18:51:04 - [TAB v3.1.2] Something just tried to add player W4RL0CKM0NK3Y into team red (expected team: 07W4RL0CKM0NK3YA)
13.07.2022 - 18:51:54 - [TAB v3.1.2] Something just tried to add player W4RL0CKM0NK3Y into team blue (expected team: 07W4RL0CKM0NK3YA)
13.07.2022 - 18:51:56 - [TAB v3.1.2] Something just tried to add player W4RL0CKM0NK3Y into team red (expected team: 07W4RL0CKM0NK3YA)
14.07.2022 - 10:05:20 - [TAB v3.1.2] Something just tried to add player W4RL0CKM0NK3Y into team red (expected team: 07W4RL0CKM0NK3YA)
14.07.2022 - 10:05:25 - [TAB v3.1.2] Something just tried to add player W4RL0CKM0NK3Y into team blue (expected team: 07W4RL0CKM0NK3YA)
14.07.2022 - 10:05:29 - [TAB v3.1.2] Something just tried to add player W4RL0CKM0NK3Y into team red (expected team: 07W4RL0CKM0NK3YA)
14.07.2022 - 19:51:13 - [TAB v3.1.2] Something just tried to add player W4RL0CKM0NK3Y into team pink (expected team: 07W4RL0CKM0NK3YA)
14.07.2022 - 19:51:58 - [TAB v3.1.2] Something just tried to add player bhagbsdk into team red (expected team: 07bhagbsdkA)
14.07.2022 - 19:51:58 - [TAB v3.1.2] Something just tried to add player W4RL0CKM0NK3Y into team pink (expected team: 07W4RL0CKM0NK3YA)
14.07.2022 - 19:51:58 - [TAB v3.1.2] Something just tried to add player bhagbsdk into team red (expected team: 07bhagbsdkA)
14.07.2022 - 19:59:57 - [TAB v3.1.2] Something just tried to add player W4RL0CKM0NK3Y into team i-pink (expected team: 07W4RL0CKM0NK3YA)
14.07.2022 - 20:00:27 - [TAB v3.1.2] Something just tried to add player W4RL0CKM0NK3Y into team pink (expected team: 07W4RL0CKM0NK3YA)
17.07.2022 - 13:09:40 - [TAB v3.1.2] Something just tried to add player W4RL0CKM0NK3Y into team red (expected team: 07W4RL0CKM0NK3YA)
17.07.2022 - 13:09:53 - [TAB v3.1.2] Something just tried to add player Castiel2503 into team blue (expected team: 07Castiel2503A)
17.07.2022 - 13:09:58 - [TAB v3.1.2] Something just tried to add player W4RL0CKM0NK3Y into team red (expected team: 07W4RL0CKM0NK3YA)
17.07.2022 - 13:09:58 - [TAB v3.1.2] Something just tried to add player Castiel2503 into team blue (expected team: 07Castiel2503A)
17.07.2022 - 13:09:58 - [TAB v3.1.2] Something just tried to add player W4RL0CKM0NK3Y into team red (expected team: 07W4RL0CKM0NK3YA)
17.07.2022 - 13:09:58 - [TAB v3.1.2] Something just tried to add player Castiel2503 into team blue (expected team: 07Castiel2503A)
17.07.2022 - 13:22:04 - [TAB v3.1.2] Something just tried to add player W4RL0CKM0NK3Y into team i-red (expected team: 07W4RL0CKM0NK3YA)
17.07.2022 - 13:22:34 - [TAB v3.1.2] Something just tried to add player W4RL0CKM0NK3Y into team red (expected team: 07W4RL0CKM0NK3YA)
23.07.2022 - 14:16:39 - [TAB v3.1.2] Something just tried to add player W4RL0CKM0NK3Y into team red (expected team: 07W4RL0CKM0NK3YA)
23.07.2022 - 14:16:39 - [TAB v3.1.2] Something just tried to add player Darkphantom_21 into team blue (expected team: 07Darkphantom_2A)
23.07.2022 - 14:16:39 - [TAB v3.1.2] Something just tried to add player W4RL0CKM0NK3Y into team red (expected team: 07W4RL0CKM0NK3YA)
23.07.2022 - 14:16:39 - [TAB v3.1.2] Something just tried to add player Darkphantom_21 into team blue (expected team: 07Darkphantom_2A)
23.07.2022 - 14:26:44 - [TAB v3.1.2] Something just tried to add player Darkphantom_21 into team red (expected team: 07Darkphantom_2A)
23.07.2022 - 14:26:44 - [TAB v3.1.2] Something just tried to add player W4RL0CKM0NK3Y into team blue (expected team: 07W4RL0CKM0NK3YA)
23.07.2022 - 14:26:44 - [TAB v3.1.2] Something just tried to add player Darkphantom_21 into team red (expected team: 07Darkphantom_2A)
23.07.2022 - 14:26:44 - [TAB v3.1.2] Something just tried to add player W4RL0CKM0NK3Y into team blue (expected team: 07W4RL0CKM0NK3YA)
23.07.2022 - 14:28:59 - [TAB v3.1.2] Something just tried to add player W4RL0CKM0NK3Y into team red (expected team: 07W4RL0CKM0NK3YA)
23.07.2022 - 14:28:59 - [TAB v3.1.2] Something just tried to add player Darkphantom_21 into team blue (expected team: 07Darkphantom_2A)
23.07.2022 - 14:28:59 - [TAB v3.1.2] Something just tried to add player W4RL0CKM0NK3Y into team red (expected team: 07W4RL0CKM0NK3YA)
23.07.2022 - 14:28:59 - [TAB v3.1.2] Something just tried to add player Darkphantom_21 into team blue (expected team: 07Darkphantom_2A)
24.07.2022 - 18:32:09 - [TAB v3.1.2] Something just tried to add player Yaotzin into team red (expected team: 07YaotzinA)
24.07.2022 - 18:32:09 - [TAB v3.1.2] Something just tried to add player W4RL0CKM0NK3Y into team blue (expected team: 07W4RL0CKM0NK3YA)
24.07.2022 - 18:32:09 - [TAB v3.1.2] Something just tried to add player Yaotzin into team red (expected team: 07YaotzinA)
24.07.2022 - 18:32:09 - [TAB v3.1.2] Something just tried to add player W4RL0CKM0NK3Y into team blue (expected team: 07W4RL0CKM0NK3YA)
