[03:08:51] [Craft Scheduler Thread - 7572 - Vault/INFO]: [Vault] Checking for Updates ... 
[03:08:51] [Craft Scheduler Thread - 7572 - Vault/INFO]: [Vault] No new version available
[05:07:05] [User Authenticator #34/INFO]: UUID of player Castiel2503 is c2f5c4e9-d49e-321d-913f-f6ff5c9704a8
[05:07:05] [Server thread/INFO]: Castiel2503 joined the game
[05:07:05] [Server thread/INFO]: Castiel2503[/171.76.87.90:9045] logged in with entity id 245125 at ([survival]172.87425198803888, 89.0, -515.3239048779476)
[05:07:17] [Craft Scheduler Thread - 7662 - AuthMe/INFO]: [AuthMe] Castiel2503 logged in 171.76.87.90
[05:12:24] [Server thread/INFO]: Castiel2503 lost connection: Disconnected
[05:12:24] [Server thread/INFO]: Castiel2503 left the game
[08:51:55] [Server thread/INFO]: Stopping the server
[08:51:55] [Server thread/INFO]: Stopping server
[08:51:55] [Server thread/INFO]: [Multiverse-NetherPortals] Disabling Multiverse-NetherPortals v4.2.2-b807
[08:51:55] [Server thread/INFO]: [Multiverse-NetherPortals] - Disabled
[08:51:55] [Server thread/INFO]: [Brewery] Disabling Brewery v3.1.1
[08:51:56] [Server thread/INFO]: [Brewery] Brewery disabled!
[08:51:56] [Server thread/INFO]: [WorldBorder] Disabling WorldBorder v1.19
[08:51:56] [Server thread/INFO]: [WorldBorder] [CONFIG] Border-checking timed task stopped.
[08:51:56] [Server thread/INFO]: [SBA] Disabling SBA v1.5.6.10-dev3
[08:51:56] [Server thread/INFO]: [BedWars] Disabling BedWars v0.2.26
[08:51:56] [Server thread/INFO]: [PlaceholderAPI] Unregistered placeholder expansion bedwars
[08:51:56] [Server thread/INFO]: [PlaceholderAPI] Reason: required plugin BedWars was disabled.
[08:51:56] [Server thread/INFO]: [AuthMe] Disabling AuthMe v5.6.0-SNAPSHOT-bCUSTOM
[08:51:56] [Server thread/INFO]: [AuthMe] Waiting for 0 tasks to finish
[08:51:56] [Server thread/INFO]: [AuthMe] AuthMe 5.6.0-SNAPSHOT-bCUSTOM disabled!
[08:51:56] [Server thread/INFO]: [ChestShop] Disabling ChestShop v3.12.2 (build 353)
[08:51:56] [Server thread/INFO]: [EssentialsSpawn] Disabling EssentialsSpawn v2.19.7
[08:51:56] [Server thread/INFO]: [GriefPrevention] Disabling GriefPrevention v16.18
[08:51:56] [Server thread/INFO]: [GriefPrevention] GriefPrevention disabled.
[08:51:56] [Server thread/INFO]: [Multiverse-Portals] Disabling Multiverse-Portals v4.2.1-b834
[08:51:56] [Server thread/INFO]: [TAB] Disabling TAB v3.1.5
[08:51:56] [Server thread/INFO]: [TAB] Disabled in 28ms
[08:51:56] [Server thread/INFO]: [Parkour] Disabling Parkour v7.0.5
[08:51:56] [Server thread/INFO]: [Parkour] Disabled Parkour v7.0.5
[08:51:56] [Server thread/INFO]: [EssentialsChat] Disabling EssentialsChat v2.19.7
[08:51:56] [Server thread/INFO]: [Multiverse-Inventories] Disabling Multiverse-Inventories v4.2.3-b523
[08:51:56] [Server thread/INFO]: [Multiverse-Core] Disabling Multiverse-Core v4.3.1-b861
[08:51:56] [Server thread/INFO]: [PlotSquared] Disabling PlotSquared v6.9.4-Premium
[08:51:56] [Server thread/INFO]: [PlotSquared/SQLManager] All DB transactions during this session are being validated (This may take a while if corrections need to be made)
[08:51:56] [Server thread/INFO]: [Essentials] Disabling Essentials v2.19.7
[08:51:56] [Server thread/INFO]: [Vault] [Economy] Essentials Economy unhooked.
[08:51:56] [Server thread/INFO]: [DeluxeHub] Disabling DeluxeHub v3.5.2
[08:51:56] [Server thread/INFO]: [Harbor] Disabling Harbor v1.6.3
[08:51:56] [Server thread/INFO]: [KitPvP] Disabling KitPvP v2.2.0
[08:51:56] [Server thread/INFO]: [ReviveMe] Disabling ReviveMe v2.3.8
[08:51:56] [Server thread/INFO]: [mcMMO] Disabling mcMMO v2.1.218-SNAPSHOT
[08:51:56] [Server thread/INFO]: [mcMMO] Server shutdown has been executed, saving and cleaning up data...
[08:51:56] [Server thread/INFO]: [mcMMO] Saving mcMMOPlayers... (0)
[08:51:56] [Server thread/INFO]: [mcMMO] Finished save operation for 0 players!
[08:51:56] [Server thread/INFO]: [Graves] Disabling Graves v4.9
[08:51:57] [Server thread/INFO]: [Citizens] Disabling Citizens v2.0.30-SNAPSHOT (build 2705)
[08:51:57] [Server thread/INFO]: [WorldGuard] Disabling WorldGuard v7.0.8-beta-01+cbb2ba7
[08:51:57] [Server thread/INFO]: [WorldGuard] Shutting down executor and cancelling any pending tasks...
[08:51:57] [Server thread/INFO]: [CoreProtect] Disabling CoreProtect v21.2
[08:51:57] [Server thread/INFO]: [CoreProtect] Finishing up data logging. Please wait...
[08:51:57] [Server thread/INFO]: [CoreProtect] Success! Disabled CoreProtect v21.2
[08:51:57] [Server thread/INFO]: [FastAsyncWorldEdit] Disabling FastAsyncWorldEdit v2.4.7-SNAPSHOT-281;10b852d
[08:51:57] [Server thread/INFO]: Unregistering com.sk89q.worldedit.bukkit.BukkitServerInterface from WorldEdit
[08:51:57] [Server thread/INFO]: [SilkSpawners] Disabling SilkSpawners v2.1.5
[08:51:57] [Server thread/INFO]: [SilkSpawners] [INFO]: Stopping version checker
[08:51:57] [Server thread/INFO]: [PlayerPoints] Disabling PlayerPoints v3.2.4
[08:51:57] [Server thread/INFO]: [DecentHolograms] Disabling DecentHolograms v2.7.2
[08:51:57] [Server thread/INFO]: [MyCommand] Disabling MyCommand v5.7.3
[08:51:57] [Server thread/INFO]: *-=-=-=-=-=-=-=-=-* MyCommand v.5.7.3*-=-=-=-=-=-=-=-=-=-*
[08:51:57] [Server thread/INFO]: | Tasks : Stopped all tasks.
[08:51:57] [Server thread/INFO]: *-=-=-=-=-=-=-=-=-=-*    Bye!   *-=-=-=-=-=-=-=-=-=-=-*
[08:51:57] [Server thread/INFO]: [Vault] Disabling Vault v1.7.3-b131
[08:51:57] [Server thread/INFO]: [SkinsRestorer] Disabling SkinsRestorer v14.2.3
[08:51:57] [Server thread/INFO]: [ProtocolLib] Disabling ProtocolLib v5.0.0-SNAPSHOT-b600
[08:51:57] [Server thread/INFO]: [LuckPerms] Disabling LuckPerms v5.4.46
[08:51:57] [Server thread/INFO]: [LuckPerms] Starting shutdown process...
[08:51:57] [Server thread/INFO]: [LuckPerms] Closing storage...
[08:51:58] [Server thread/INFO]: [LuckPerms] Goodbye!
[08:51:58] [Server thread/INFO]: [ViaBackwards] Disabling ViaBackwards v4.4.2
[08:51:58] [Server thread/INFO]: [ViaVersion] Disabling ViaVersion v4.4.2
[08:51:58] [Server thread/INFO]: [ViaVersion] ViaVersion is disabling, if this is a reload and you experience issues consider rebooting.
[08:51:58] [Server thread/INFO]: [ElytraRacing] Disabling ElytraRacing v1.5.3.1
[08:51:58] [Server thread/INFO]: [BedRegen] Disabling BedRegen v1.1.0
[08:51:58] [Server thread/INFO]: [BedRegen] BedRegen v1.1.0 Disabled!
[08:51:58] [Server thread/INFO]: [InfoHUD] Disabling InfoHUD v1.4
[08:51:58] [Server thread/INFO]: [InfoHUD] InfoHUD Disabled
[08:51:58] [Server thread/INFO]: [AutoWhitelistRemove] Disabling AutoWhitelistRemove v1.1.1
[08:51:58] [Server thread/INFO]: [TangledMaze] Disabling TangledMaze v2.1.0
[08:51:58] [Server thread/INFO]: [FarmProtect] Disabling FarmProtect v1.0
[08:51:58] [Server thread/INFO]: [BestTools] Disabling BestTools v2.2.0
[08:51:58] [Server thread/INFO]: [PluginManager] Disabling PluginManager v2.7.1
[08:51:58] [Server thread/INFO]: [PlaceholderAPI] Disabling PlaceholderAPI v2.11.2
[08:51:58] [Server thread/INFO]: Saving players
[08:51:58] [Server thread/INFO]: Saving worlds
[08:52:00] [Server thread/INFO]: Saving chunks for level 'ServerLevel[spawn]'/minecraft:overworld
[08:53:53] [Server thread/INFO]: Saving chunks for level 'ServerLevel[spawn_nether]'/minecraft:the_nether
[08:53:53] [Server thread/INFO]: Saving chunks for level 'ServerLevel[spawn_the_end]'/minecraft:the_end
[08:53:53] [Server thread/INFO]: Saving chunks for level 'ServerLevel[Waterfall]'/minecraft:waterfall
[08:53:53] [Server thread/INFO]: Saving chunks for level 'ServerLevel[Glacier]'/minecraft:glacier
[08:53:53] [Server thread/INFO]: Saving chunks for level 'ServerLevel[Lectus]'/minecraft:lectus
[08:53:53] [Server thread/INFO]: Saving chunks for level 'ServerLevel[Zarzul]'/minecraft:zarzul
[08:53:53] [Server thread/INFO]: Saving chunks for level 'ServerLevel[survival]'/minecraft:survival
[08:53:53] [Server thread/INFO]: Saving chunks for level 'ServerLevel[Stonekeep]'/minecraft:stonekeep
[08:53:53] [Server thread/INFO]: Saving chunks for level 'ServerLevel[survival_the_end]'/minecraft:survival_the_end
[08:53:53] [Server thread/INFO]: Saving chunks for level 'ServerLevel[Eastwood]'/minecraft:eastwood
[08:53:53] [Server thread/INFO]: Saving chunks for level 'ServerLevel[survival_nether]'/minecraft:survival_nether
[08:53:54] [Server thread/INFO]: Saving chunks for level 'ServerLevel[BWLobby]'/minecraft:bwlobby
[08:53:54] [Server thread/INFO]: Saving chunks for level 'ServerLevel[Temple]'/minecraft:temple
[08:53:54] [Server thread/INFO]: Saving chunks for level 'ServerLevel[Crogorm]'/minecraft:crogorm
[08:53:54] [Server thread/INFO]: Saving chunks for level 'ServerLevel[ParkourLobby]'/minecraft:parkourlobby
[08:53:54] [Server thread/INFO]: Saving chunks for level 'ServerLevel[Airshow]'/minecraft:airshow
[08:53:54] [Server thread/INFO]: Saving chunks for level 'ServerLevel[Speedway]'/minecraft:speedway
[08:53:54] [Server thread/INFO]: Saving chunks for level 'ServerLevel[Ashore]'/minecraft:ashore
[08:53:54] [Server thread/INFO]: Saving chunks for level 'ServerLevel[PVPArena]'/minecraft:pvparena
[08:53:54] [Server thread/INFO]: ThreadedAnvilChunkStorage (spawn): All chunks are saved
[08:53:54] [Server thread/INFO]: ThreadedAnvilChunkStorage (DIM-1): All chunks are saved
[08:53:54] [Server thread/INFO]: ThreadedAnvilChunkStorage (DIM1): All chunks are saved
[08:53:54] [Server thread/INFO]: ThreadedAnvilChunkStorage (Waterfall): All chunks are saved
[08:53:54] [Server thread/INFO]: ThreadedAnvilChunkStorage (Glacier): All chunks are saved
[08:53:54] [Server thread/INFO]: ThreadedAnvilChunkStorage (Lectus): All chunks are saved
[08:53:54] [Server thread/INFO]: ThreadedAnvilChunkStorage (Zarzul): All chunks are saved
[08:53:54] [Server thread/INFO]: ThreadedAnvilChunkStorage (survival): All chunks are saved
[08:53:54] [Server thread/INFO]: ThreadedAnvilChunkStorage (Stonekeep): All chunks are saved
[08:53:54] [Server thread/INFO]: ThreadedAnvilChunkStorage (DIM1): All chunks are saved
[08:53:54] [Server thread/INFO]: ThreadedAnvilChunkStorage (Eastwood): All chunks are saved
[08:53:54] [Server thread/INFO]: ThreadedAnvilChunkStorage (DIM-1): All chunks are saved
[08:53:54] [Server thread/INFO]: ThreadedAnvilChunkStorage (BWLobby): All chunks are saved
[08:53:54] [Server thread/INFO]: ThreadedAnvilChunkStorage (Temple): All chunks are saved
[08:53:54] [Server thread/INFO]: ThreadedAnvilChunkStorage (Crogorm): All chunks are saved
[08:53:54] [Server thread/INFO]: ThreadedAnvilChunkStorage (ParkourLobby): All chunks are saved
[08:53:54] [Server thread/INFO]: ThreadedAnvilChunkStorage (Airshow): All chunks are saved
[08:53:54] [Server thread/INFO]: ThreadedAnvilChunkStorage (Speedway): All chunks are saved
[08:53:54] [Server thread/INFO]: ThreadedAnvilChunkStorage (Ashore): All chunks are saved
[08:53:54] [Server thread/INFO]: ThreadedAnvilChunkStorage (PVPArena): All chunks are saved
[08:53:54] [Server thread/INFO]: ThreadedAnvilChunkStorage: All dimensions are saved
[08:54:13] [Server thread/INFO]: Saving usercache.json
[08:54:13] [Server thread/INFO]: Flushing Chunk IO
[08:54:13] [Server thread/INFO]: Closing Thread Pool
[08:54:13] [Server thread/INFO]: Closing Server
