06:19 Yaotzin   : lo akshay
06:19 Yaotzin   : sup
06:19 Castiel2503: building house da cow
06:20 Yaotzin    : oh ok
06:23 Yaotzin    : discord baaro
06:24 Yaotzin    : akshay
06:24 Castiel2503: HA
06:24 Yaotzin    : discord?????????
06:25 Yaotzin placed suspicious WATER_BUCKET @ survival: x289, z-235
06:25 Castiel2503: one sec
06:32 Yaotzin    : where r u building ur house da?
06:48 Castiel2503 placed suspicious WATER_BUCKET @ survival: x163, z-516
06:48 Castiel2503 placed suspicious WATER_BUCKET @ survival: x166, z-508
06:55 Yaotzin placed suspicious WATER_BUCKET @ survival: x303, z-230
07:35 Yaotzin placed suspicious WATER_BUCKET @ survival: x305, z-216
07:36 Yaotzin placed suspicious WATER_BUCKET @ survival: x313, z-225
07:37 Yaotzin placed suspicious WATER_BUCKET @ survival: x296, z-225
07:38 Yaotzin placed suspicious WATER_BUCKET @ survival: x305, z-233
07:38 Yaotzin placed suspicious WATER_BUCKET @ survival: x305, z-233
08:00 W4RL0CKM0NK3Y: pp
08:01 W4RL0CKM0NK3Y: big pp
