07:13 Sid          : lo come discord
07:13 Yaotzin      : ha
08:06 Yaotzin placed suspicious WATER_BUCKET @ survival: x303, z-389
08:09 Yaotzin placed suspicious WATER_BUCKET @ survival: x335, z-298
10:16 Darkphantom_21: hi
10:18 Darkphantom_21 placed suspicious WATER_BUCKET @ survival: x344, z-195
10:19 Darkphantom_21 placed suspicious WATER_BUCKET @ survival: x364, z-206
10:20 Darkphantom_21 placed suspicious WATER_BUCKET @ survival: x355, z-189
10:21 Darkphantom_21 placed suspicious WATER_BUCKET @ survival: x340, z-198
10:21 Darkphantom_21 placed suspicious WATER_BUCKET @ survival: x348, z-213
10:21 Darkphantom_21 placed suspicious WATER_BUCKET @ survival: x364, z-204
10:21 Darkphantom_21 placed suspicious WATER_BUCKET @ survival: x359, z-195
10:26 Darkphantom_21 placed suspicious WATER_BUCKET @ survival: x283, z-439
10:26 Darkphantom_21 placed suspicious WATER_BUCKET @ survival: x289, z-431
10:26 Darkphantom_21 placed suspicious WATER_BUCKET @ survival: x292, z-417
10:51 Darkphantom_21: remove armor
10:51 W4RL0CKM0NK3Y : join disc vybhav
10:51 Darkphantom_21: which skin am i?
10:51 Darkphantom_21: adi i have to go in 5 mins
10:51 W4RL0CKM0NK3Y : that naruto thingy only
10:52 Darkphantom_21: hmm
10:52 W4RL0CKM0NK3Y : ok
10:52 W4RL0CKM0NK3Y : lo sid
10:52 W4RL0CKM0NK3Y : apparently you have joker skin anthe?
10:52 Sid           : yeah
10:52 W4RL0CKM0NK3Y : for me it looks like gold bikini
10:53 Sid           : for me its joker skin only
10:55 Darkphantom_21 placed suspicious WATER_BUCKET @ survival: x281, z-435
10:55 Darkphantom_21 placed suspicious WATER_BUCKET @ survival: x289, z-430
10:55 Darkphantom_21 placed suspicious WATER_BUCKET @ survival: x293, z-419
10:55 Darkphantom_21 placed suspicious WATER_BUCKET @ survival: x294, z-408
10:56 W4RL0CKM0NK3Y : lo sid
10:57 W4RL0CKM0NK3Y : tf
10:57 Sid           : what happened?
10:57 W4RL0CKM0NK3Y : /pluginmanager disable Spartan 
10:57 W4RL0CKM0NK3Y : that anti cheat
10:57 W4RL0CKM0NK3Y : idisabled it
10:58 Darkphantom_21: y
10:58 W4RL0CKM0NK3Y : simply it's kicking people
