10:36 W4RL0CKM0NK3Y: hello akhilesh
10:36 Yaotzin      : yoo
10:36 W4RL0CKM0NK3Y: you can make drinks bro
10:37 Yaotzin      : hu hu
10:38 W4RL0CKM0NK3Y: do you have mending?
10:39 W4RL0CKM0NK3Y: i have a trident
10:39 Yaotzin      : even i have 4 tridents
10:39 W4RL0CKM0NK3Y: lol nice
10:41 W4RL0CKM0NK3Y: wtf vybhav has built so much
10:44 W4RL0CKM0NK3Y: doesfarm work?
10:44 W4RL0CKM0NK3Y: xp farm
10:44 Yaotzin      : no idky it doesnt
10:45 W4RL0CKM0NK3Y: cause in 1.19 even if there is little light mobs won't spawn
10:45 W4RL0CKM0NK3Y: mobs spawn only in complete darkness in 1.19
10:45 Yaotzin      : yea but its pitch dark inside
10:45 Yaotzin      : idky its not spawning
10:45 W4RL0CKM0NK3Y: get a spawner with silktouch pick
10:46 Yaotzin      : actuaaly its spawning but very less rate
10:46 W4RL0CKM0NK3Y: you have made another spawner farm no
10:46 W4RL0CKM0NK3Y: where is it?
18:24 W4RL0CKM0NK3Y: hello sid
18:24 Sid          : hello
18:53 W4RL0CKM0NK3Y: hi
18:53 W4RL0CKM0NK3Y: hello?
18:53 W4RL0CKM0NK3Y: yoooo
18:53 W4RL0CKM0NK3Y: sid
18:53 W4RL0CKM0NK3Y: press t to type
18:53 Sid          : yes
18:53 W4RL0CKM0NK3Y: ok i go build house now
18:54 W4RL0CKM0NK3Y: bye
18:54 Sid          : byee
19:20 W4RL0CKM0NK3Y: sesky house
19:20 Sid          : ty
19:20 Sid          : but full wood
19:21 W4RL0CKM0NK3Y: yeah but sesky tho
19:21 W4RL0CKM0NK3Y: looks like a cosy cabin
19:21 Sid          : yeah
19:21 W4RL0CKM0NK3Y: if you feel like later you can convert into concrete, but this only looks nice
19:22 W4RL0CKM0NK3Y: compound yella sakath agide
19:22 Sid          : yes
19:22 W4RL0CKM0NK3Y: lol that castle my bro is building
19:22 W4RL0CKM0NK3Y: full crazy builds in this place
19:22 Sid          : i saw sike it is
19:23 W4RL0CKM0NK3Y: lo my house is taking too long to build
19:23 Sid          : use magic XD
19:23 W4RL0CKM0NK3Y: i keep changing things
19:23 W4RL0CKM0NK3Y: lol
19:24 W4RL0CKM0NK3Y: no no
19:24 W4RL0CKM0NK3Y: maqgic is forbidden
19:24 Sid          : u are the admin
19:24 Sid          : change rules XD
19:24 W4RL0CKM0NK3Y: no no
19:25 W4RL0CKM0NK3Y: shall i tp you to my place?
19:25 Sid          : come
19:25 W4RL0CKM0NK3Y: ill tp you back to there
19:25 W4RL0CKM0NK3Y: hello
19:25 W4RL0CKM0NK3Y: see this muchg i've done
19:25 Sid          : sexy it is
19:25 W4RL0CKM0NK3Y: come in
19:26 Sid          : swesome
19:26 W4RL0CKM0NK3Y: ishte
19:26 Sid          : awesome
19:27 Sid          : what are those white blocks?
19:27 W4RL0CKM0NK3Y: ok tped you back
19:27 W4RL0CKM0NK3Y: concrete
19:27 W4RL0CKM0NK3Y: you can make it
19:27 W4RL0CKM0NK3Y: lo sid
19:27 W4RL0CKM0NK3Y: shall i give you vodka?
19:28 Sid          : give
19:28 W4RL0CKM0NK3Y: wait i have to see how to give
19:28 W4RL0CKM0NK3Y: 2 mins
19:28 Sid          : ok ok
19:28 W4RL0CKM0NK3Y: you keep doing your things
19:32 W4RL0CKM0NK3Y: sid
19:32 W4RL0CKM0NK3Y: you drank a beer
19:32 Sid          : when
19:32 W4RL0CKM0NK3Y: drink it all
19:33 W4RL0CKM0NK3Y: keep drinking
19:33 Sid          : over
19:34 W4RL0CKM0NK3Y: lo sid
19:35 W4RL0CKM0NK3Y: drink it all
19:35 Sid          : oo thanku
19:36 W4RL0CKM0NK3Y: how do you feel?
19:36 W4RL0CKM0NK3Y: how do you feel?
19:36 Sid          : screen turning
19:36 W4RL0CKM0NK3Y: loo
19:36 W4RL0CKM0NK3Y: chat is afected
19:36 W4RL0CKM0NK3Y: cause you are drunk
19:36 Sid          : yeah
19:36 Sid          : fackk
19:37 W4RL0CKM0NK3Y: give me empty bottles
19:37 W4RL0CKM0NK3Y: movement is affected
19:37 Sid          : yeah
19:37 Sid          : im going left and right
19:37 Sid          : going
19:37 W4RL0CKM0NK3Y: thats my wanti
19:38 W4RL0CKM0NK3Y: vanti coming
19:38 Sid          : yeno adu?
19:38 W4RL0CKM0NK3Y: vanti
19:38 W4RL0CKM0NK3Y: vomit
19:38 Sid          : fackkkk
19:38 Sid          : XD
19:38 W4RL0CKM0NK3Y: type /brew puke
19:38 W4RL0CKM0NK3Y: type / brew puke
19:39 W4RL0CKM0NK3Y: type /brew puke
19:39 W4RL0CKM0NK3Y: looo thu
19:39 W4RL0CKM0NK3Y: i'm drunk
19:39 W4RL0CKM0NK3Y: nice no?
19:39 Sid          : XD
19:39 Sid          : yep
19:40 Sid          : im not able to clinb up
19:40 W4RL0CKM0NK3Y: i made you drink full
19:40 Sid          : lo lo lo
19:41 W4RL0CKM0NK3Y: full vanti you are doing
19:41 W4RL0CKM0NK3Y: how does the screen look?
19:42 Sid          : lo
19:44 W4RL0CKM0NK3Y: ifell off from my house
19:48 Sid          : i stopped
19:48 Sid          : it
19:49 W4RL0CKM0NK3Y: i gave you coffee
19:49 W4RL0CKM0NK3Y: thats why
19:49 Sid          : ty lo
19:49 W4RL0CKM0NK3Y: we are still drunk
19:49 W4RL0CKM0NK3Y: tho not so much
19:49 Sid          : yeah
